-----01-30-2018 @ 08:35:31 ------
schedule_cleanup_temp_users
-----01-30-2018 @ 08:35:31 ------
schedule_update_user_items
-----01-30-2018 @ 08:36:47 ------
schedule_update_user_items
-----01-30-2018 @ 08:46:21 ------
schedule_update_user_items
-----01-30-2018 @ 08:56:20 ------
schedule_update_user_items
-----01-30-2018 @ 09:07:34 ------
schedule_update_user_items
-----01-30-2018 @ 09:15:37 ------
404: File /home/biobanklearning/web/wp-content/plugins/learnpress/inc/class-lp-page-controller.php, line #373
-----01-30-2018 @ 09:16:46 ------
schedule_update_user_items
-----01-30-2018 @ 09:26:37 ------
schedule_update_user_items
-----01-30-2018 @ 09:37:08 ------
schedule_update_user_items
-----01-30-2018 @ 09:47:37 ------
schedule_update_user_items
-----01-30-2018 @ 09:56:18 ------
schedule_update_user_items
-----01-30-2018 @ 10:06:19 ------
schedule_update_user_items
-----01-30-2018 @ 10:06:19 ------
create_table
-----01-30-2018 @ 10:06:21 ------
schedule_update_user_items
-----01-30-2018 @ 10:16:23 ------
schedule_update_user_items
-----01-30-2018 @ 10:26:18 ------
schedule_update_user_items
-----01-30-2018 @ 10:36:24 ------
schedule_update_user_items
-----01-30-2018 @ 10:46:25 ------
schedule_update_user_items
-----01-30-2018 @ 10:56:26 ------
schedule_update_user_items
-----01-30-2018 @ 13:09:06 ------
schedule_update_user_items
-----01-30-2018 @ 13:16:24 ------
schedule_update_user_items
-----01-30-2018 @ 13:26:55 ------
schedule_update_user_items
-----01-30-2018 @ 13:36:36 ------
schedule_update_user_items
-----01-30-2018 @ 13:47:07 ------
schedule_update_user_items
-----01-30-2018 @ 13:56:53 ------
schedule_update_user_items
-----01-30-2018 @ 14:06:29 ------
schedule_update_user_items
-----01-30-2018 @ 14:16:43 ------
schedule_update_user_items
-----01-30-2018 @ 14:26:21 ------
schedule_update_user_items
-----01-30-2018 @ 14:36:17 ------
schedule_update_user_items
-----01-30-2018 @ 14:46:26 ------
schedule_update_user_items
-----01-30-2018 @ 14:56:27 ------
schedule_update_user_items
-----01-30-2018 @ 15:06:26 ------
schedule_update_user_items
-----01-30-2018 @ 15:16:24 ------
schedule_update_user_items
-----01-30-2018 @ 15:26:18 ------
schedule_update_user_items
-----01-30-2018 @ 15:36:19 ------
schedule_update_user_items
-----01-30-2018 @ 15:47:32 ------
schedule_update_user_items
-----01-30-2018 @ 15:56:19 ------
schedule_update_user_items
-----01-30-2018 @ 16:06:27 ------
schedule_update_user_items
-----01-30-2018 @ 16:16:23 ------
schedule_update_user_items
-----01-30-2018 @ 16:26:29 ------
schedule_update_user_items
-----01-31-2018 @ 08:06:24 ------
schedule_update_user_items
-----01-31-2018 @ 10:40:32 ------
schedule_update_user_items
-----01-31-2018 @ 10:40:37 ------
404: File /home/biobanklearning/web/wp-content/plugins/learnpress/inc/class-lp-page-controller.php, line #373
-----01-31-2018 @ 10:46:23 ------
schedule_update_user_items
-----01-31-2018 @ 10:57:03 ------
schedule_update_user_items
-----01-31-2018 @ 11:07:48 ------
schedule_update_user_items
-----01-31-2018 @ 11:17:52 ------
schedule_update_user_items
-----01-31-2018 @ 11:27:58 ------
schedule_update_user_items
-----01-31-2018 @ 11:38:03 ------
schedule_update_user_items
-----01-31-2018 @ 11:48:08 ------
schedule_update_user_items
-----01-31-2018 @ 11:58:14 ------
schedule_update_user_items
-----01-31-2018 @ 12:08:17 ------
schedule_update_user_items
-----01-31-2018 @ 12:16:21 ------
schedule_update_user_items
-----01-31-2018 @ 12:26:27 ------
schedule_update_user_items
-----01-31-2018 @ 12:36:32 ------
schedule_update_user_items
-----01-31-2018 @ 12:46:36 ------
schedule_update_user_items
-----01-31-2018 @ 13:42:37 ------
schedule_update_user_items
-----01-31-2018 @ 13:46:48 ------
schedule_update_user_items
-----01-31-2018 @ 13:56:17 ------
schedule_update_user_items
-----01-31-2018 @ 14:06:49 ------
schedule_update_user_items
-----01-31-2018 @ 14:17:31 ------
schedule_update_user_items
-----01-31-2018 @ 14:52:05 ------
schedule_update_user_items
-----01-31-2018 @ 14:56:35 ------
schedule_update_user_items
-----01-31-2018 @ 16:35:06 ------
schedule_update_user_items
-----02-01-2018 @ 08:05:05 ------
schedule_update_user_items
-----02-01-2018 @ 08:06:21 ------
schedule_update_user_items
-----02-01-2018 @ 08:16:27 ------
schedule_update_user_items
-----02-01-2018 @ 08:26:19 ------
schedule_update_user_items
-----02-01-2018 @ 08:37:12 ------
schedule_update_user_items
-----02-01-2018 @ 08:46:18 ------
schedule_update_user_items
-----02-01-2018 @ 08:56:18 ------
schedule_update_user_items
-----02-01-2018 @ 09:06:31 ------
schedule_update_user_items
-----02-01-2018 @ 09:16:31 ------
schedule_update_user_items
-----02-01-2018 @ 09:26:26 ------
schedule_update_user_items
-----02-01-2018 @ 09:36:20 ------
schedule_update_user_items
-----02-01-2018 @ 09:46:20 ------
schedule_update_user_items
-----02-01-2018 @ 09:56:36 ------
schedule_update_user_items
-----02-01-2018 @ 10:06:27 ------
schedule_update_user_items
-----02-01-2018 @ 10:17:04 ------
schedule_update_user_items
-----02-01-2018 @ 10:27:09 ------
schedule_update_user_items
-----02-01-2018 @ 10:37:13 ------
schedule_update_user_items
-----02-01-2018 @ 10:47:17 ------
schedule_update_user_items
-----02-01-2018 @ 10:57:21 ------
schedule_update_user_items
-----02-01-2018 @ 11:07:26 ------
schedule_update_user_items
-----02-01-2018 @ 11:17:30 ------
schedule_update_user_items
-----02-01-2018 @ 11:27:35 ------
schedule_update_user_items
-----02-01-2018 @ 11:37:40 ------
schedule_update_user_items
-----02-01-2018 @ 11:47:45 ------
schedule_update_user_items
-----02-01-2018 @ 11:57:18 ------
schedule_update_user_items
-----02-01-2018 @ 12:07:52 ------
schedule_update_user_items
-----02-01-2018 @ 12:17:56 ------
schedule_update_user_items
-----02-01-2018 @ 12:28:01 ------
schedule_update_user_items
-----02-01-2018 @ 12:38:04 ------
schedule_update_user_items
-----02-01-2018 @ 12:48:09 ------
schedule_update_user_items
-----02-01-2018 @ 12:58:13 ------
schedule_update_user_items
-----02-01-2018 @ 13:08:17 ------
schedule_update_user_items
-----02-01-2018 @ 13:16:26 ------
schedule_update_user_items
-----02-01-2018 @ 13:26:24 ------
schedule_update_user_items
-----02-01-2018 @ 13:36:39 ------
schedule_update_user_items
-----02-01-2018 @ 13:56:28 ------
schedule_update_user_items
-----02-01-2018 @ 14:39:29 ------
schedule_update_user_items
-----02-01-2018 @ 14:46:21 ------
schedule_update_user_items
-----02-01-2018 @ 14:56:22 ------
schedule_update_user_items
-----02-01-2018 @ 15:06:55 ------
schedule_update_user_items
-----02-01-2018 @ 15:30:04 ------
schedule_update_user_items
-----02-01-2018 @ 15:41:13 ------
schedule_update_user_items
-----02-01-2018 @ 15:46:26 ------
schedule_update_user_items
-----02-01-2018 @ 15:56:40 ------
schedule_update_user_items
-----02-01-2018 @ 16:07:13 ------
schedule_update_user_items
-----02-01-2018 @ 16:40:50 ------
schedule_update_user_items
-----02-02-2018 @ 07:42:54 ------
schedule_update_user_items
-----02-02-2018 @ 07:53:32 ------
schedule_update_user_items
-----02-02-2018 @ 08:34:04 ------
schedule_update_user_items
-----02-02-2018 @ 08:38:44 ------
schedule_update_user_items
-----02-02-2018 @ 09:18:10 ------
schedule_update_user_items
-----02-02-2018 @ 09:26:35 ------
schedule_update_user_items
-----02-02-2018 @ 09:44:21 ------
schedule_update_user_items
-----02-02-2018 @ 09:50:12 ------
schedule_update_user_items
-----02-02-2018 @ 09:56:33 ------
schedule_update_user_items
-----02-02-2018 @ 10:14:28 ------
schedule_update_user_items
-----02-02-2018 @ 10:16:59 ------
schedule_update_user_items
-----02-02-2018 @ 10:29:51 ------
schedule_update_user_items
-----02-02-2018 @ 10:39:43 ------
schedule_update_user_items
-----02-02-2018 @ 10:46:30 ------
schedule_update_user_items
-----02-02-2018 @ 16:11:58 ------
schedule_update_user_items
-----02-02-2018 @ 16:32:05 ------
schedule_update_user_items
-----02-02-2018 @ 16:58:29 ------
schedule_update_user_items
-----02-05-2018 @ 06:55:54 ------
schedule_update_user_items
-----02-05-2018 @ 06:57:19 ------
schedule_update_user_items
-----02-05-2018 @ 07:25:29 ------
schedule_update_user_items
-----02-05-2018 @ 07:27:04 ------
schedule_update_user_items
-----02-05-2018 @ 07:36:42 ------
schedule_update_user_items
-----02-05-2018 @ 07:47:49 ------
schedule_update_user_items
-----02-05-2018 @ 07:57:03 ------
schedule_update_user_items
-----02-05-2018 @ 08:07:37 ------
schedule_update_user_items
-----02-05-2018 @ 08:38:00 ------
schedule_update_user_items
-----02-05-2018 @ 08:48:33 ------
schedule_update_user_items
-----02-05-2018 @ 08:57:47 ------
schedule_update_user_items
-----02-05-2018 @ 09:06:25 ------
schedule_update_user_items
-----02-05-2018 @ 09:17:25 ------
schedule_update_user_items
-----02-05-2018 @ 09:27:02 ------
schedule_update_user_items
-----02-05-2018 @ 09:36:29 ------
schedule_update_user_items
-----02-05-2018 @ 09:47:30 ------
schedule_update_user_items
-----02-05-2018 @ 09:56:51 ------
schedule_update_user_items
-----02-05-2018 @ 10:06:50 ------
schedule_update_user_items
-----02-05-2018 @ 11:19:01 ------
schedule_update_user_items
-----02-05-2018 @ 11:27:02 ------
schedule_update_user_items
-----02-05-2018 @ 11:38:19 ------
schedule_update_user_items
-----02-05-2018 @ 11:46:28 ------
schedule_update_user_items
-----02-05-2018 @ 11:57:02 ------
schedule_update_user_items
-----02-05-2018 @ 12:28:38 ------
schedule_update_user_items
-----02-05-2018 @ 13:07:56 ------
schedule_update_user_items
-----02-05-2018 @ 14:58:08 ------
schedule_update_user_items
-----02-05-2018 @ 14:58:09 ------
schedule_cleanup_temp_users
-----02-05-2018 @ 15:28:38 ------
schedule_update_user_items
-----02-05-2018 @ 15:36:33 ------
schedule_update_user_items
-----02-05-2018 @ 15:46:33 ------
schedule_update_user_items
-----02-05-2018 @ 15:56:33 ------
schedule_update_user_items
-----02-05-2018 @ 16:06:35 ------
schedule_update_user_items
-----02-06-2018 @ 06:33:48 ------
schedule_update_user_items
-----02-06-2018 @ 06:50:33 ------
schedule_update_user_items
-----02-06-2018 @ 07:00:19 ------
schedule_update_user_items
-----02-06-2018 @ 07:06:20 ------
schedule_update_user_items
-----02-06-2018 @ 07:16:23 ------
schedule_update_user_items
-----02-06-2018 @ 07:27:27 ------
schedule_update_user_items
-----02-06-2018 @ 07:36:30 ------
schedule_update_user_items
-----02-06-2018 @ 07:47:57 ------
schedule_update_user_items
-----02-06-2018 @ 07:57:36 ------
schedule_update_user_items
-----02-06-2018 @ 08:06:38 ------
schedule_update_user_items
-----02-06-2018 @ 08:18:12 ------
schedule_update_user_items
-----02-06-2018 @ 08:28:17 ------
schedule_update_user_items
-----02-06-2018 @ 08:38:18 ------
schedule_update_user_items
-----02-06-2018 @ 08:46:22 ------
schedule_update_user_items
-----02-06-2018 @ 08:56:27 ------
schedule_update_user_items
-----02-06-2018 @ 09:06:30 ------
schedule_update_user_items
-----02-06-2018 @ 09:16:39 ------
schedule_update_user_items
-----02-06-2018 @ 09:26:22 ------
schedule_update_user_items
-----02-06-2018 @ 09:36:45 ------
schedule_update_user_items
-----02-06-2018 @ 09:46:30 ------
schedule_update_user_items
-----02-06-2018 @ 09:57:53 ------
schedule_update_user_items
